<?xml version="1.0" encoding="UTF-8"?>
<!-- Generated by org.testng.reporters.JUnitReportReporter -->
<testsuite hostname="AMIT-PC" failures="0" tests="3" name="com.comcast.crm.TESTNG.CreateContact_Test" time="44.426" errors="0" timestamp="2025-04-15T16:24:24 IST" skipped="0">
  <testcase classname="com.comcast.crm.TESTNG.CreateContact_Test" name="UsingPOMCreateContactWithOrganizationAndValidateTest" time="17.716"/>
  <system-out/>
  <testcase classname="com.comcast.crm.TESTNG.CreateContact_Test" name="UsingPOMCreateContactWithSupportDateAndValidateTest" time="11.712"/>
  <system-out/>
  <testcase classname="com.comcast.crm.TESTNG.CreateContact_Test" name="UsingPOMCreateContactAndValidateTest" time="14.998"/>
  <system-out/>
</testsuite> <!-- com.comcast.crm.TESTNG.CreateContact_Test -->
