<?xml version="1.0" encoding="UTF-8"?>
<!-- Generated by org.testng.reporters.JUnitReportReporter -->
<testsuite hostname="AMIT-PC" failures="0" tests="3" name="com.comcast.crm.TestNG.CreateOrganization_Test" time="29.845" errors="0" timestamp="2025-04-17T11:12:05 IST" skipped="0">
  <testcase classname="com.comcast.crm.TestNG.CreateOrganization_Test" name="UsingPOMCreateOrganizationAndValidateTest" time="11.221"/>
  <testcase classname="com.comcast.crm.TestNG.CreateOrganization_Test" name="UsingPOMCreateOrganizationWithPhoneNumAndValidateTest" time="9.020"/>
  <testcase classname="com.comcast.crm.TestNG.CreateOrganization_Test" name="UsingPOMCreateOrganizationWIthIndustry_TypeEtcANdValidateTest" time="9.604"/>
</testsuite> <!-- com.comcast.crm.TestNG.CreateOrganization_Test -->
