<?xml version="1.0" encoding="UTF-8"?>
<!-- Generated by org.testng.reporters.JUnitReportReporter -->
<testsuite hostname="AMIT-PC" failures="0" tests="1" name="com.comcast.crm.TestNG.ErrorCreatePriceBook_Test" time="21.739" errors="0" timestamp="2025-04-16T23:53:32 IST" skipped="0">
  <testcase classname="com.comcast.crm.TestNG.ErrorCreatePriceBook_Test" name="UsingPOMCreateAPricebook_DeleteAndValidateTest" time="21.739"/>
</testsuite> <!-- com.comcast.crm.TestNG.ErrorCreatePriceBook_Test -->
