<?xml version="1.0" encoding="UTF-8"?>
<!-- Generated by org.testng.reporters.JUnitReportReporter -->
<testsuite hostname="AMIT-PC" failures="0" tests="3" name="com.comcast.crm.TestNG_BaseClass.CreateContact_Test" time="59.804" errors="0" timestamp="2025-04-18T23:30:56 IST" skipped="0">
  <testcase classname="com.comcast.crm.TestNG_BaseClass.CreateContact_Test" name="UsingPOMCreateContactWithOrganizationAndValidateTest" time="26.761">
    <system-out>
      <![CDATA[-----Organization Header Validation-----
Marvel_1228 =======> Information Verified ====> PASS
-----Contact Header Validation-----
End Game_1228 =======> Information Verified ====> PASS
-----Contact lastname Validation-----
End Game_1228 =======> Information Verified ====> PASS]]>
    </system-out>
  </testcase> <!-- UsingPOMCreateContactWithOrganizationAndValidateTest -->
  <testcase classname="com.comcast.crm.TestNG_BaseClass.CreateContact_Test" name="UsingPOMCreateContactAndValidateTest" time="23.771">
    <system-out>
      <![CDATA[-----Contact Header Validation-----
Amit_1710 =======> Information Verified ====> PASS
-----Contact info Validation-----
Amit_1710 =======> Information Verified ====> PASS]]>
    </system-out>
  </testcase> <!-- UsingPOMCreateContactAndValidateTest -->
  <testcase classname="com.comcast.crm.TestNG_BaseClass.CreateContact_Test" name="UsingPOMCreateContactWithSupportDateAndValidateTest" time="9.272">
    <system-out>
      <![CDATA[-----Support Start Date Validation-----
2025-04-18 =======> Information Verified ====> PASS
-----Support End Date Validation-----
2025-05-18 =======> Information Verified ====> PASS]]>
    </system-out>
  </testcase> <!-- UsingPOMCreateContactWithSupportDateAndValidateTest -->
  <system-out>
    <![CDATA[-----Contact Header Validation-----
Amit_1710 =======> Information Verified ====> PASS
-----Contact info Validation-----
Amit_1710 =======> Information Verified ====> PASS
-----Organization Header Validation-----
-----Pricebook Header Validation-----
Broke_2669 =======> Information Verified ====> PASS
-----Pricebook Info Validation-----
Broke_2669 =======> Information Verified ====> PASS
-----Currency Info Validation-----
India, Rupees =======> Information Verified ====> PASS
Pyramid Lenovo_1359 =======> Information Verified ====> PASS
-----Organization Info Validation-----
Pyramid Lenovo_1359 =======> Information Verified ====> PASS
-----Product Header Validation-----
-----Campaign Header Validation-----
Router_3895 =======> Information Verified ====> PASS
Not Serious_4754 =======> Information Verified ====> PASS
-----Product Data Validation-----
-----Campaign Info Validation-----
Not Serious_4754 =======> Information Verified ====> PASS
-----Assigned To Validation-----
Router_3895 =======> Information Verified ====> PASS
-----Sales Start Date Validation-----
Support Group =======> Information Verified ====> PASS
-----Expected Close Date Info Validation-----
2025-04-18 =======> Information Verified ====> PASS
-----Sales End Date Validation-----
2025-06-17 =======> Information Verified ====> PASS
2025-04-25 =======> Information Verified ====> PASS
-----Sales Category Validation-----
2025-10-15 =======> Information Verified ====> PASS
-----Manufacturer Validation-----
LexPon Inc. =======> Information Verified ====> PASS
-----Support Expiry Validation-----
2025-10-15 =======> Information Verified ====> PASS
-----Lead Header Validation-----
Anybody_2362 =======> Information Verified ====> PASS
-----Lead Info Validation-----
Anybody_2362 =======> Information Verified ====> PASS
-----Company Info Validation-----
Bull and Bear =======> Information Verified ====> PASS
-----Industry Validation-----
Finance =======> Information Verified ====> PASS
-----Lead Source Validation-----
Employee =======> Information Verified ====> PASS
-----Lead Status Validation-----
Pre Qualified =======> Information Verified ====> PASS
-----Rating Validation-----
-----Broke_2669 Validation-----
Acquired =======> Information Verified ====> PASS
No PriceBook Found ! =======> Information Verified ====> PASS
-----Organization Header Validation-----
Marvel_1228 =======> Information Verified ====> PASS
-----Industry Validation-----
-----Product Header Validation-----
Conditioner_4918 =======> Information Verified ====> PASS
-----Product Info Validation-----
Conditioner_4918 =======> Information Verified ====> PASS
Education =======> Information Verified ====> PASS
-----Type Validation-----
Partner =======> Information Verified ====> PASS
-----Assigned To Validation-----
Team Selling =======> Information Verified ====> PASS
-----Rating Validation-----
Active =======> Information Verified ====> PASS
-----Contact Header Validation-----
End Game_1228 =======> Information Verified ====> PASS
-----Contact lastname Validation-----
End Game_1228 =======> Information Verified ====> PASS
-----Phone Number Validation-----
-----Assigned To info Validation-----
9845237612 =======> Information Verified ====> PASS
Bill Gates =======> Information Verified ====> PASS
-----Campaign type Info Validation-----
Advertisement =======> Information Verified ====> PASS
-----Campaign Status Info Validation-----
Inactive =======> Information Verified ====> PASS
-----Product Info Validation-----
Advertisement =======> Information Verified ====> PASS
-----Support Start Date Validation-----
2025-04-18 =======> Information Verified ====> PASS
-----Support End Date Validation-----
2025-05-18 =======> Information Verified ====> PASS]]>
  </system-out>
</testsuite> <!-- com.comcast.crm.TestNG_BaseClass.CreateContact_Test -->
