<?xml version="1.0" encoding="UTF-8"?>
<!-- Generated by org.testng.reporters.JUnitReportReporter -->
<testsuite hostname="AMIT-PC" failures="0" tests="2" name="com.comcast.crm.TESTNG.CreateCampaign_Test" time="34.465" errors="0" timestamp="2025-04-15T16:14:54 IST" skipped="0">
  <testcase classname="com.comcast.crm.TESTNG.CreateCampaign_Test" name="UsingPOMCreateCampaignWithMandatoryFieldAndValidateTest" time="15.802"/>
  <system-out/>
  <testcase classname="com.comcast.crm.TESTNG.CreateCampaign_Test" name="UsingPOMCreateCampaignWithProduct_DDAndValidateTest" time="18.663"/>
  <system-out/>
</testsuite> <!-- com.comcast.crm.TESTNG.CreateCampaign_Test -->
