<?xml version="1.0" encoding="UTF-8"?>
<!-- Generated by org.testng.reporters.JUnitReportReporter -->
<testsuite hostname="AMIT-PC" failures="0" tests="1" name="com.comcast.crm.TestNG.CreateLeads_Test" time="11.755" errors="0" timestamp="2025-04-17T11:00:00 IST" skipped="0">
  <testcase classname="com.comcast.crm.TestNG.CreateLeads_Test" name="UsingPOMCreateLeadWithAllDropDownsAndValidateTest" time="11.755"/>
</testsuite> <!-- com.comcast.crm.TestNG.CreateLeads_Test -->
