<?xml version="1.0" encoding="UTF-8"?>
<!-- Generated by org.testng.reporters.JUnitReportReporter -->
<testsuite hostname="AMIT-PC" failures="0" tests="1" name="com.comcast.crm.TESTNG.CreateProducts_Test" time="13.712" errors="0" timestamp="2025-04-15T18:24:16 IST" skipped="0">
  <testcase classname="com.comcast.crm.TESTNG.CreateProducts_Test" name="UsingPOMCreateProductWithDate_Cat_ManufactAndValidateTest" time="13.712"/>
  <system-out/>
</testsuite> <!-- com.comcast.crm.TESTNG.CreateProducts_Test -->
